http: GET en /loggertest - 21:35:16
error: Error en la aplicacion
warning: Cuidado! hombre radiactivo!
info: Estamos navegando la app
http: GET en /login - 20:35:37
http: GET en /css/style.css - 20:35:37
http: GET en /images/github.png - 20:35:37
http: GET en /images/facebook1.png - 20:35:37
http: GET en /favicon.ico - 20:35:37
http: GET en /loggertest - 20:35:47
fatal: La aplicacion no funciona
error: Error en la aplicacion
warning: Cuidado! hombre radiactivo!
info: Estamos navegando la app
http: Error al procesar la solicitud
debug: Depuracion activa
http: GET en /loggertest - 20:36:05
fatal: La Aplicacion no funciona
error: Error en la aplicacion
warning: Cuidado! hombre radiactivo!
info: Estamos navegando la app
http: Error al procesar la solicitud
debug: Depuracion activa
http: GET en /login - 19:22:32
http: GET en /css/style.css - 19:22:32
http: GET en /images/github.png - 19:22:32
http: GET en /images/facebook1.png - 19:22:32
http: GET en /favicon.ico - 19:22:32
http: GET en /password - 19:23:27
http: GET en /css/style.css - 19:23:27
http: GET en /reset-password - 19:23:44
http: GET en /css/style.css - 19:23:44
http: GET en /login?usuario=Bruce - 19:25:59
http: GET en /images/github.png - 19:25:59
http: GET en /css/style.css - 19:25:59
http: GET en /images/facebook1.png - 19:25:59
http: GET en /reset-password - 19:26:03
http: GET en /css/style.css - 19:26:03
http: GET en /login?usuario=Bruce - 19:27:07
http: GET en /css/style.css - 19:27:07
http: GET en /images/github.png - 19:27:07
http: GET en /images/facebook1.png - 19:27:07
http: POST en /api/sessions/login - 19:27:19
http: GET en /register - 19:27:24
http: GET en /tu-imagen.jpg - 19:27:24
http: GET en /css/style.css - 19:27:24
http: POST en /api/users - 19:27:49
http: GET en /register - 19:29:12
http: GET en /tu-imagen.jpg - 19:29:12
http: GET en /css/style.css - 19:29:12
http: GET en /profile - 19:29:15
http: GET en /register - 19:29:26
http: GET en /tu-imagen.jpg - 19:29:26
http: GET en /css/style.css - 19:29:26
http: GET en /register - 19:30:25
http: GET en /tu-imagen.jpg - 19:30:25
http: GET en /css/style.css - 19:30:25
http: POST en /api/users/register - 19:30:43
http: GET en /api/users/profile - 19:30:43
http: GET en /api/users/css/style.css - 19:30:43
http: GET en /api/users/profile - 19:32:27
http: GET en /api/users/css/style.css - 19:32:27
http: GET en /products - 19:32:35
http: GET en /css/style.css - 19:32:35
http: GET en /chat - 19:32:40
http: GET en /css/style.css - 19:32:40
http: GET en /js/chat.js - 19:32:40
http: GET en /socket.io/?EIO=4&transport=polling&t=O-TIGaa - 19:32:40
http: GET en /socket.io/?EIO=4&transport=polling&t=O-TIGn2 - 19:32:41
http: GET en /socket.io/?EIO=4&transport=polling&t=O-TIH3H - 19:32:42
http: GET en /socket.io/?EIO=4&transport=polling&t=O-TIHuv - 19:32:45
http: GET en /socket.io/?EIO=4&transport=polling&t=O-TIJ79 - 19:32:50
http: GET en /socket.io/?EIO=4&transport=polling&t=O-TIKLR - 19:32:55
http: GET en /api/sessions/logout - 19:33:04
http: POST en /api/users/logout - 19:33:24
http: GET en /login - 19:33:24
http: GET en /css/style.css - 19:33:24
http: GET en /images/github.png - 19:33:24
http: GET en /images/facebook1.png - 19:33:24
http: GET en /api/users/profile - 19:33:32
http: GET en /api/users/profile - 19:33:35
http: GET en /login?usuario=Bruce - 19:33:40
http: GET en /images/github.png - 19:33:40
http: GET en /css/style.css - 19:33:40
http: GET en /images/facebook1.png - 19:33:40
http: POST en /api/sessions/login - 19:33:50
http: GET en /products - 19:33:51
http: GET en /register - 19:33:56
http: GET en /tu-imagen.jpg - 19:33:56
http: GET en /css/style.css - 19:33:56
http: POST en /api/users/register - 19:34:23
http: GET en /api/users/profile - 19:34:23
http: GET en /api/users/css/style.css - 19:34:23
http: GET en /api/users/profile - 19:34:46
http: GET en /api/users/css/style.css - 19:34:47
http: GET en /products - 19:34:55
http: GET en /css/style.css - 19:34:55
http: GET en /products?page=2 - 19:35:01
http: GET en /css/style.css - 19:35:01
http: GET en /products?page=1 - 19:35:04
http: GET en /css/style.css - 19:35:04
http: POST en /api/users/logout - 19:35:22
http: GET en /login - 19:35:22
http: GET en /css/style.css - 19:35:22
http: GET en /images/github.png - 19:35:22
http: GET en /images/facebook1.png - 19:35:22
http: POST en /api/sessions/login - 19:35:31
http: GET en /products - 19:35:31
http: GET en /login?usuario=Bruce - 19:36:37
http: GET en /css/style.css - 19:36:37
http: GET en /images/github.png - 19:36:37
http: GET en /images/facebook1.png - 19:36:37
http: POST en /api/users/login - 19:36:43
http: GET en /api/users/profile - 19:36:43
http: GET en /api/users/css/style.css - 19:36:43
http: GET en /realtimeproducts - 19:52:07
http: GET en /carts/ - 19:56:42
http: GET en /carts/65de50e2d4cdace70ee15ae4 - 19:59:45
error: Error al obtener el carrito
http: GET en /login - 19:59:58
http: GET en /css/style.css - 19:59:58
http: GET en /images/github.png - 19:59:58
http: GET en /images/facebook1.png - 19:59:58
http: GET en /login - 20:00:20
http: GET en /css/style.css - 20:00:20
http: GET en /images/github.png - 20:00:20
http: GET en /images/facebook1.png - 20:00:20
http: POST en /api/users/login - 20:00:37
http: GET en /api/users/profile - 20:00:37
http: GET en /api/users/css/style.css - 20:00:37
http: GET en /products - 20:00:39
http: GET en /css/style.css - 20:00:39
http: GET en /products - 20:01:54
http: GET en /css/style.css - 20:01:54
http: GET en /sin%20imagen%20por%20ahora - 20:01:54
http: POST en /api/carts/664d216f2c191d3bf68d1a98/product/65de50e2d4cdace70ee15ae4 - 20:01:56
http: GET en /products - 20:04:35
http: GET en /css/style.css - 20:04:35
http: GET en /sin%20imagen%20por%20ahora - 20:04:35
http: GET en /products?page=2 - 20:04:39
http: GET en /css/style.css - 20:04:39
http: GET en /sin%20imagen%20por%20ahora - 20:04:39
http: GET en /products?page=1 - 20:04:42
http: GET en /css/style.css - 20:04:42
http: GET en /sin%20imagen%20por%20ahora - 20:04:42
http: GET en /products?page=2 - 20:07:24
http: GET en /sin%20imagen%20por%20ahora - 20:07:24
http: GET en /css/style.css - 20:07:24
http: GET en /products?page=3 - 20:07:26
http: GET en /css/style.css - 20:07:26
http: GET en /sin%20imagen%20por%20ahora - 20:07:26
http: GET en /products?page=2 - 20:07:28
http: GET en /css/style.css - 20:07:28
http: GET en /sin%20imagen%20por%20ahora - 20:07:28
http: POST en /api/carts/664d216f2c191d3bf68d1a98/product/65de50e2d4cdace70ee15ae7 - 20:07:30
http: GET en /login - 21:23:57
http: GET en /css/style.css - 21:23:57
http: GET en /images/github.png - 21:23:57
http: GET en /images/facebook1.png - 21:23:57
http: GET en /favicon.ico - 21:23:57
http: POST en /api/users/login - 21:24:02
http: POST en /api/users/login - 21:30:20
http: GET en /api/users/profile - 21:30:20
http: GET en /api/users/css/style.css - 21:30:20
http: GET en /products - 21:30:28
error: Error al obtener productos
http: GET en /products - 21:31:15
error: Error al obtener productos
http: GET en /api/products - 21:31:21
http: GET en /current - 21:31:31
http: GET en /register - 21:31:51
http: GET en /css/style.css - 21:31:51
http: GET en /tu-imagen.jpg - 21:31:51
http: GET en /login?usuario=Bruce - 21:31:56
http: GET en /css/style.css - 21:31:56
http: GET en /images/github.png - 21:31:56
http: GET en /images/facebook1.png - 21:31:56
http: GET en /login - 21:32:01
http: GET en /css/style.css - 21:32:01
http: GET en /images/github.png - 21:32:01
http: GET en /images/facebook1.png - 21:32:01
http: POST en /api/users/login - 21:32:05
http: POST en /api/users/login - 21:32:08
http: GET en /api/users/profile - 21:32:08
http: GET en /api/users/css/style.css - 21:32:08
http: GET en /products - 21:32:11
error: Error al obtener productos
http: GET en /chat - 21:33:36
http: GET en /css/style.css - 21:33:36
http: GET en /js/chat.js - 21:33:36
http: GET en /socket.io/?EIO=4&transport=polling&t=P0jwTEo - 21:33:37
http: GET en /socket.io/?EIO=4&transport=polling&t=P0jwTUT - 21:33:38
http: GET en /socket.io/?EIO=4&transport=polling&t=P0jwTsv - 21:33:39
http: GET en /socket.io/?EIO=4&transport=polling&t=P0jwV5I - 21:33:44
http: GET en /socket.io/?EIO=4&transport=polling&t=P0jwWJj - 21:33:49
http: GET en /socket.io/?EIO=4&transport=polling&t=P0jwXX_ - 21:33:54
http: GET en /api/users/profile - 21:34:25
http: GET en /api/users/css/style.css - 21:34:25
http: GET en /products - 21:36:03
error: Error al obtener productos
http: GET en / - 21:40:08
http: GET en /css/style.css - 21:40:08
http: GET en /logout - 21:40:12
http: GET en /login - 21:40:12
http: GET en /images/github.png - 21:40:12
http: GET en /css/style.css - 21:40:12
http: GET en /images/facebook1.png - 21:40:12
http: POST en /api/users/login - 21:40:17
http: POST en /api/users/login - 21:40:22
http: POST en /api/users/login - 21:40:40
http: POST en /api/users/login - 21:40:43
http: GET en /register - 21:40:48
http: GET en /css/style.css - 21:40:48
http: GET en /tu-imagen.jpg - 21:40:48
http: POST en /api/users/register - 21:41:05
http: GET en /api/users/profile - 21:41:06
http: GET en /api/users/css/style.css - 21:41:06
http: GET en /products - 21:41:10
http: GET en /css/style.css - 21:41:10
http: GET en /products - 21:41:48
http: GET en /css/style.css - 21:41:48
http: GET en /products - 21:42:13
http: GET en /login - 21:42:22
http: GET en /images/github.png - 21:42:22
http: GET en /css/style.css - 21:42:22
http: GET en /images/facebook1.png - 21:42:22
http: POST en /api/users/login - 21:42:30
http: POST en /api/users/login - 21:42:38
http: GET en /api/users/profile - 21:42:38
http: GET en /api/users/css/style.css - 21:42:38
http: GET en /products - 21:42:40
error: Error al obtener productos
http: GET en /login - 21:48:28
http: GET en /css/style.css - 21:48:28
http: GET en /images/github.png - 21:48:28
http: GET en /images/facebook1.png - 21:48:28
http: GET en /register - 21:48:30
http: GET en /css/style.css - 21:48:30
http: GET en /tu-imagen.jpg - 21:48:30
http: POST en /api/users/register - 21:48:54
http: GET en /api/users/profile - 21:48:55
http: GET en /api/users/css/style.css - 21:48:55
http: GET en /products - 21:49:02
http: GET en /css/style.css - 21:49:02
http: GET en /sin%20imagen%20por%20ahora - 21:49:02
http: GET en /products?page=2 - 21:49:07
http: GET en /css/style.css - 21:49:07
http: GET en /sin%20imagen%20por%20ahora - 21:49:07
http: GET en /products?page=3 - 21:49:12
http: GET en /css/style.css - 21:49:13
http: GET en /sin%20imagen%20por%20ahora - 21:49:13
http: GET en /products?page=2 - 21:49:14
http: GET en /css/style.css - 21:49:14
http: GET en /sin%20imagen%20por%20ahora - 21:49:14
http: POST en /api/carts/66722af65c8320368300927b/product/65de50e2d4cdace70ee15ae7 - 21:49:16
